<?xml version="1.0" encoding="UTF-8"?>
<testsuite name="com.codrut.spring_database_example.dataAccessLayer.impl.JdbcSingerDaoTest" tests="4" skipped="0" failures="0" errors="0" timestamp="2021-08-30T16:46:05" hostname="codru-Lenovo-Y520-15IKBN" time="0.994">
  <properties/>
  <testcase name="shouldReturnTheLastNameOfTheFirstSinger()" classname="com.codrut.spring_database_example.dataAccessLayer.impl.JdbcSingerDaoTest" time="0.265"/>
  <testcase name="shouldReturnAllThreeSingers()" classname="com.codrut.spring_database_example.dataAccessLayer.impl.JdbcSingerDaoTest" time="0.206"/>
  <testcase name="shouldReturnTheFirstNameOfTheFirstSinger()" classname="com.codrut.spring_database_example.dataAccessLayer.impl.JdbcSingerDaoTest" time="0.204"/>
  <testcase name="shouldReturnTheTwoSingersWithTheFirstNameJohn()" classname="com.codrut.spring_database_example.dataAccessLayer.impl.JdbcSingerDaoTest" time="0.206"/>
  <system-out><![CDATA[]]></system-out>
  <system-err><![CDATA[]]></system-err>
</testsuite>
